<?xml version="1.0" encoding="UTF-8"?>
<testsuite xmlns:xsi="http://www.w3.org/2001/XMLSchema-instance" xsi:noNamespaceSchemaLocation="https://maven.apache.org/surefire/maven-surefire-plugin/xsd/surefire-test-report.xsd" name="testRunner.OrderTest" time="0.93" tests="3" errors="0" skipped="0" failures="0">
  <properties>
[...]
</properties>
  <testcase name="Check Previous Order Details" classname="Amazon order Page" time="0.014"/>
  <testcase name="Check Open Order Details" classname="Amazon order Page" time="0.008"/>
  <testcase name="Check Cancelled Order Details" classname="Amazon order Page" time="0.009"/>
</testsuite>